2017-04-10 23:50:43,293 INFO X-y shapes: (10515879, 16), (10515879,)
2017-04-10 23:50:43,308 INFO True fraction: 0.313053050534          
2017-04-10 23:50:43,308 INFO Size of X: 1346.03 MB                  
2017-04-10 23:50:43,309 INFO Size of y: 84.127 MB                   
2017-04-10 23:50:49,613 INFO Classification report for SR:          
             precision    recall  f1-score   support                

 Background       0.75      0.79      0.77   1805305
     Signal       0.48      0.42      0.45    823665

avg / total       0.66      0.67      0.67   2628970

2017-04-10 23:50:49,706 INFO SR FPR: 0.210441, TPR: 0.419366
2017-04-10 23:50:49,706 INFO Training LogisticRegression    
2017-04-10 23:53:10,026 INFO Unweighted train set accuracy: 0.686820
2017-04-10 23:53:10,026 INFO Unweighted test set accuracy: 0.686549 
2017-04-10 23:53:10,026 INFO Unweighted test set classification report:
             precision    recall  f1-score   support                   

        QCD       0.75      0.82      0.78 1805305.0
        RPV       0.50      0.39      0.44  823665.0

avg / total       0.67      0.69      0.67 2628970.0

2017-04-10 23:53:10,026 INFO Training a DecisionTreeClassifier
2017-04-11 00:24:29,295 INFO Unweighted train set accuracy: 0.765202
2017-04-11 00:24:29,295 INFO Unweighted test set accuracy: 0.448236 
2017-04-11 00:24:29,295 INFO Unweighted test set classification report:
             precision    recall  f1-score   support                   

        QCD       0.59      0.63      0.61 1805305.0
        RPV       0.06      0.05      0.06  823665.0

avg / total       0.43      0.45      0.44 2628970.0

2017-04-11 00:24:29,295 INFO Training a RandomForestClassifier
2017-04-11 01:28:21,156 INFO Unweighted train set accuracy: 0.763763
2017-04-11 01:28:21,157 INFO Unweighted test set accuracy: 0.453365 
2017-04-11 01:28:21,157 INFO Unweighted test set classification report:
             precision    recall  f1-score   support                   

        QCD       0.60      0.61      0.60 1805305.0
        RPV       0.12      0.11      0.12  823665.0

avg / total       0.45      0.45      0.45 2628970.0

2017-04-11 01:28:21,157 INFO Training a GradientBoostingClassifier
2017-04-11 04:45:38,799 INFO Unweighted train set accuracy: 0.686898
2017-04-11 04:45:38,800 INFO Unweighted test set accuracy: 0.685834 
2017-04-11 04:45:38,800 INFO Unweighted test set classification report:
             precision    recall  f1-score   support                   

        QCD       0.77      0.77      0.77 1805305.0
        RPV       0.50      0.50      0.50  823665.0

avg / total       0.69      0.69      0.69 2628970.0

2017-04-11 04:45:38,800 INFO Training an MLPClassifier
2017-04-11 04:57:25,898 INFO Unweighted train set accuracy: 0.687030
2017-04-11 04:57:25,898 INFO Unweighted test set accuracy: 0.686696 
2017-04-11 04:57:25,899 INFO Unweighted test set classification report:
             precision    recall  f1-score   support                   

        QCD       0.69      1.00      0.81 1805305.0
        RPV       0.20      0.00      0.00  823665.0

avg / total       0.53      0.69      0.56 2628970.0
