2017-04-06 09:43:08,904 INFO Initializing                                                   
2017-04-06 09:43:08,904 INFO Configuration: Namespace(bkg=['qcd_JZ3', 'qcd_JZ4', 'qcd_JZ5', 'qcd_JZ6', 'qcd_JZ7', 'qcd_JZ8', 'qcd_JZ9', 'qcd_JZ10', 'qcd_JZ11', 'qcd_JZ12', 'rpv_1400_850'], input_dir='/global/cscratch1/sd/sfarrell/atlasdl/prod004', num_bkg=None, num_sig=None, num_workers=1, sig='rpv_1400_850')                                                                    
2017-04-06 09:43:08,905 INFO Sig file: /global/cscratch1/sd/sfarrell/atlasdl/prod004/rpv_1400_850.npz                         
2017-04-06 09:43:08,905 INFO Bkg files: ['/global/cscratch1/sd/sfarrell/atlasdl/prod004/qcd_JZ3.npz', '/global/cscratch1/sd/sfarrell/atlasdl/prod004/qcd_JZ4.npz', '/global/cscratch1/sd/sfarrell/atlasdl/prod004/qcd_JZ5.npz', '/global/cscratch1/sd/sfarrell/atlasdl/prod004/qcd_JZ6.npz', '/global/cscratch1/sd/sfarrell/atlasdl/prod004/qcd_JZ7.npz', '/global/cscratch1/sd/sfarrell/atlasdl/prod004/qcd_JZ8.npz', '/global/cscratch1/sd/sfarrell/atlasdl/prod004/qcd_JZ9.npz', '/global/cscratch1/sd/sfarrell/atlasdl/prod004/qcd_JZ10.npz', '/global/cscratch1/sd/sfarrell/atlasdl/prod004/qcd_JZ11.npz', '/global/cscratch1/sd/sfarrell/atlasdl/prod004/qcd_JZ12.npz', '/global/cscratch1/sd/sfarrell/atlasdl/prod004/rpv_1400_850.npz']                                     

2017-04-06 10:24:22,366 INFO X-y shapes: (10515879, 12), (10515879,)
2017-04-06 10:24:22,374 INFO True fraction: 0.313053050534          
2017-04-06 10:24:24,647 INFO Classification report for SR:          
             precision    recall  f1-score   support                

 Background       0.75      0.79      0.77   1806556
     Signal       0.48      0.42      0.45    822414

avg / total       0.66      0.67      0.67   2628970

2017-04-06 10:24:24,676 INFO SR FPR: 0.210473, TPR: 0.418569
2017-04-06 10:25:15,006 INFO Classification report for Logistic Regression:
             precision    recall  f1-score   support                       

        QCD       0.74      0.83      0.78   1806556
        RPV       0.50      0.37      0.42    822414

avg / total       0.67      0.69      0.67   2628970

2017-04-06 10:25:16,271 INFO Train set accuracy: 0.686446
2017-04-06 10:25:16,765 INFO Test set accuracy: 0.686389
2017-04-06 10:34:54,190 INFO Classification report for Decision Tree:
             precision    recall  f1-score   support

        QCD       0.59      0.63      0.61   1806556
        RPV       0.06      0.05      0.06    822414

avg / total       0.43      0.45      0.44   2628970

2017-04-06 10:35:03,639 INFO Train set accuracy: 0.765178
2017-04-06 10:35:06,250 INFO Test set accuracy: 0.446655
2017-04-06 10:53:58,173 INFO Classification report for Random Forest:
             precision    recall  f1-score   support

        QCD       0.60      0.61      0.60   1806556
        RPV       0.11      0.11      0.11    822414

avg / total       0.45      0.45      0.45   2628970

2017-04-06 10:54:54,186 INFO Train set accuracy: 0.763594
2017-04-06 10:55:12,717 INFO Test set accuracy: 0.452313
2017-04-06 12:00:43,543 INFO Classification report for Gradient Boosted Tree:
             precision    recall  f1-score   support

        QCD       0.76      0.79      0.78   1806556
        RPV       0.50      0.45      0.48    822414

avg / total       0.68      0.69      0.68   2628970

2017-04-06 12:00:55,473 INFO Train set accuracy: 0.686476
2017-04-06 12:00:59,461 INFO Test set accuracy: 0.686202
2017-04-06 12:05:31,420 INFO Classification report for MLP:
             precision    recall  f1-score   support

        QCD       0.69      0.99      0.81   1806556
        RPV       0.49      0.01      0.03    822414

avg / total       0.63      0.69      0.57   2628970

2017-04-06 12:05:44,782 INFO Train set accuracy: 0.686754
2017-04-06 12:05:49,102 INFO Test set accuracy: 0.686983
